# JRE version: OpenJDK Runtime Environment (8.0_242-b01) (build 1.8.0_242-release-1644-b01)
# Java VM: OpenJDK 64-Bit Server VM (25.242-b01 mixed mode windows-amd64 compressed oops)
Heap:
 PSYoungGen      total 482816K, used 418535K [0x00000000e0000000, 0x0000000100000000, 0x0000000100000000)
  eden space 457728K, 85% used [0x00000000e0000000,0x00000000f8040ae8,0x00000000fbf00000)
  from space 25088K, 99% used [0x00000000fe780000,0x00000000ffff93a0,0x0000000100000000)
  to   space 33280K, 0% used [0x00000000fbf00000,0x00000000fbf00000,0x00000000fdf80000)
 ParOldGen       total 103424K, used 41180K [0x00000000a0000000, 0x00000000a6500000, 0x00000000e0000000)
  object space 103424K, 39% used [0x00000000a0000000,0x00000000a28371f0,0x00000000a6500000)
 Metaspace       used 86321K, capacity 90948K, committed 91184K, reserved 1128448K
  class space    used 11665K, capacity 12509K, committed 12592K, reserved 1048576K
GC Heap History (10 events):
Event: 11.148 GC heap before
{Heap before GC invocations=9 (full 2):
 PSYoungGen      total 276480K, used 8780K [0x00000000e0000000, 0x00000000fc600000, 0x0000000100000000)
  eden space 260096K, 0% used [0x00000000e0000000,0x00000000e0000000,0x00000000efe00000)
  from space 16384K, 53% used [0x00000000efe00000,0x00000000f06931f8,0x00000000f0e00000)
  to   space 15360K, 0% used [0x00000000fb700000,0x00000000fb700000,0x00000000fc600000)
 ParOldGen       total 53248K, used 7283K [0x00000000a0000000, 0x00000000a3400000, 0x00000000e0000000)
  object space 53248K, 13% used [0x00000000a0000000,0x00000000a071ced8,0x00000000a3400000)
 Metaspace       used 34562K, capacity 35410K, committed 35496K, reserved 1079296K
  class space    used 4740K, capacity 4974K, committed 5040K, reserved 1048576K
Event: 11.294 GC heap after
Heap after GC invocations=9 (full 2):
 PSYoungGen      total 276480K, used 0K [0x00000000e0000000, 0x00000000fc600000, 0x0000000100000000)
  eden space 260096K, 0% used [0x00000000e0000000,0x00000000e0000000,0x00000000efe00000)
  from space 16384K, 0% used [0x00000000efe00000,0x00000000efe00000,0x00000000f0e00000)
  to   space 15360K, 0% used [0x00000000fb700000,0x00000000fb700000,0x00000000fc600000)
 ParOldGen       total 74752K, used 15338K [0x00000000a0000000, 0x00000000a4900000, 0x00000000e0000000)
  object space 74752K, 20% used [0x00000000a0000000,0x00000000a0efaa78,0x00000000a4900000)
 Metaspace       used 34562K, capacity 35410K, committed 35496K, reserved 1079296K
  class space    used 4740K, capacity 4974K, committed 5040K, reserved 1048576K
}
Event: 22.664 GC heap before
{Heap before GC invocations=10 (full 2):
 PSYoungGen      total 276480K, used 260096K [0x00000000e0000000, 0x00000000fc600000, 0x0000000100000000)
  eden space 260096K, 100% used [0x00000000e0000000,0x00000000efe00000,0x00000000efe00000)
  from space 16384K, 0% used [0x00000000efe00000,0x00000000efe00000,0x00000000f0e00000)
  to   space 15360K, 0% used [0x00000000fb700000,0x00000000fb700000,0x00000000fc600000)
 ParOldGen       total 74752K, used 15338K [0x00000000a0000000, 0x00000000a4900000, 0x00000000e0000000)
  object space 74752K, 20% used [0x00000000a0000000,0x00000000a0efaa78,0x00000000a4900000)
 Metaspace       used 56249K, capacity 58280K, committed 58416K, reserved 1099776K
  class space    used 7716K, capacity 8175K, committed 8240K, reserved 1048576K
Event: 22.739 GC heap after
Heap after GC invocations=10 (full 2):
 PSYoungGen      total 429056K, used 15340K [0x00000000e0000000, 0x00000000fc600000, 0x0000000100000000)
  eden space 413696K, 0% used [0x00000000e0000000,0x00000000e0000000,0x00000000f9400000)
  from space 15360K, 99% used [0x00000000fb700000,0x00000000fc5fb310,0x00000000fc600000)
  to   space 24064K, 0% used [0x00000000f9700000,0x00000000f9700000,0x00000000fae80000)
 ParOldGen       total 74752K, used 30164K [0x00000000a0000000, 0x00000000a4900000, 0x00000000e0000000)
  object space 74752K, 40% used [0x00000000a0000000,0x00000000a1d75050,0x00000000a4900000)
 Metaspace       used 56249K, capacity 58280K, committed 58416K, reserved 1099776K
  class space    used 7716K, capacity 8175K, committed 8240K, reserved 1048576K
}
Event: 23.181 GC heap before
{Heap before GC invocations=11 (full 2):
 PSYoungGen      total 429056K, used 30511K [0x00000000e0000000, 0x00000000fc600000, 0x0000000100000000)
  eden space 413696K, 3% used [0x00000000e0000000,0x00000000e0ed09b0,0x00000000f9400000)
  from space 15360K, 99% used [0x00000000fb700000,0x00000000fc5fb310,0x00000000fc600000)
  to   space 24064K, 0% used [0x00000000f9700000,0x00000000f9700000,0x00000000fae80000)
 ParOldGen       total 74752K, used 30164K [0x00000000a0000000, 0x00000000a4900000, 0x00000000e0000000)
  object space 74752K, 40% used [0x00000000a0000000,0x00000000a1d75050,0x00000000a4900000)
 Metaspace       used 57052K, capacity 59052K, committed 59160K, reserved 1099776K
  class space    used 7823K, capacity 8283K, committed 8368K, reserved 1048576K
Event: 23.223 GC heap after
Heap after GC invocations=11 (full 2):
 PSYoungGen      total 440832K, used 16129K [0x00000000e0000000, 0x0000000100000000, 0x0000000100000000)
  eden space 416768K, 0% used [0x00000000e0000000,0x00000000e0000000,0x00000000f9700000)
  from space 24064K, 67% used [0x00000000f9700000,0x00000000fa6c0478,0x00000000fae80000)
  to   space 25088K, 0% used [0x00000000fe780000,0x00000000fe780000,0x0000000100000000)
 ParOldGen       total 74752K, used 30172K [0x00000000a0000000, 0x00000000a4900000, 0x00000000e0000000)
  object space 74752K, 40% used [0x00000000a0000000,0x00000000a1d77050,0x00000000a4900000)
 Metaspace       used 57052K, capacity 59052K, committed 59160K, reserved 1099776K
  class space    used 7823K, capacity 8283K, committed 8368K, reserved 1048576K
}
Event: 23.223 GC heap before
{Heap before GC invocations=12 (full 3):
 PSYoungGen      total 440832K, used 16129K [0x00000000e0000000, 0x0000000100000000, 0x0000000100000000)
  eden space 416768K, 0% used [0x00000000e0000000,0x00000000e0000000,0x00000000f9700000)
  from space 24064K, 67% used [0x00000000f9700000,0x00000000fa6c0478,0x00000000fae80000)
  to   space 25088K, 0% used [0x00000000fe780000,0x00000000fe780000,0x0000000100000000)
 ParOldGen       total 74752K, used 30172K [0x00000000a0000000, 0x00000000a4900000, 0x00000000e0000000)
  object space 74752K, 40% used [0x00000000a0000000,0x00000000a1d77050,0x00000000a4900000)
 Metaspace       used 57052K, capacity 59052K, committed 59160K, reserved 1099776K
  class space    used 7823K, capacity 8283K, committed 8368K, reserved 1048576K
Event: 23.532 GC heap after
Heap after GC invocations=12 (full 3):
 PSYoungGen      total 440832K, used 0K [0x00000000e0000000, 0x0000000100000000, 0x0000000100000000)
  eden space 416768K, 0% used [0x00000000e0000000,0x00000000e0000000,0x00000000f9700000)
  from space 24064K, 0% used [0x00000000f9700000,0x00000000f9700000,0x00000000fae80000)
  to   space 25088K, 0% used [0x00000000fe780000,0x00000000fe780000,0x0000000100000000)
 ParOldGen       total 103424K, used 28328K [0x00000000a0000000, 0x00000000a6500000, 0x00000000e0000000)
  object space 103424K, 27% used [0x00000000a0000000,0x00000000a1baa088,0x00000000a6500000)
 Metaspace       used 57045K, capacity 59028K, committed 59160K, reserved 1099776K
  class space    used 7821K, capacity 8279K, committed 8368K, reserved 1048576K
}
Event: 38.522 GC heap before
{Heap before GC invocations=13 (full 3):
 PSYoungGen      total 440832K, used 416768K [0x00000000e0000000, 0x0000000100000000, 0x0000000100000000)
  eden space 416768K, 100% used [0x00000000e0000000,0x00000000f9700000,0x00000000f9700000)
  from space 24064K, 0% used [0x00000000f9700000,0x00000000f9700000,0x00000000fae80000)
  to   space 25088K, 0% used [0x00000000fe780000,0x00000000fe780000,0x0000000100000000)
 ParOldGen       total 103424K, used 28328K [0x00000000a0000000, 0x00000000a6500000, 0x00000000e0000000)
  object space 103424K, 27% used [0x00000000a0000000,0x00000000a1baa088,0x00000000a6500000)
 Metaspace       used 80197K, capacity 84268K, committed 84400K, reserved 1122304K
  class space    used 11201K, capacity 11951K, committed 11952K, reserved 1048576K
Event: 38.615 GC heap after
Heap after GC invocations=13 (full 3):
 PSYoungGen      total 482816K, used 25060K [0x00000000e0000000, 0x0000000100000000, 0x0000000100000000)
  eden space 457728K, 0% used [0x00000000e0000000,0x00000000e0000000,0x00000000fbf00000)
  from space 25088K, 99% used [0x00000000fe780000,0x00000000ffff93a0,0x0000000100000000)
  to   space 33280K, 0% used [0x00000000fbf00000,0x00000000fbf00000,0x00000000fdf80000)
 ParOldGen       total 103424K, used 41180K [0x00000000a0000000, 0x00000000a6500000, 0x00000000e0000000)
  object space 103424K, 39% used [0x00000000a0000000,0x00000000a28371f0,0x00000000a6500000)
 Metaspace       used 80197K, capacity 84268K, committed 84400K, reserved 1122304K
  class space    used 11201K, capacity 11951K, committed 11952K, reserved 1048576K
}

